[2018-09-26 22:46:08] production.ERROR: Symfony\Component\Debug\Exception\FatalThrowableError: Class 'Memcached' not found in /home/diego/www/setlists/vendor/illuminate/cache/MemcachedConnector.php:69
Stack trace:
#0 /home/diego/www/setlists/vendor/illuminate/cache/MemcachedConnector.php(48): Illuminate\Cache\MemcachedConnector->createMemcachedInstance(NULL)
#1 /home/diego/www/setlists/vendor/illuminate/cache/MemcachedConnector.php(21): Illuminate\Cache\MemcachedConnector->getMemcached(NULL, Array, Array)
#2 /home/diego/www/setlists/vendor/illuminate/cache/CacheManager.php(171): Illuminate\Cache\MemcachedConnector->connect(Array, NULL, Array, Array)
#3 /home/diego/www/setlists/vendor/illuminate/cache/CacheManager.php(105): Illuminate\Cache\CacheManager->createMemcachedDriver(Array)
#4 /home/diego/www/setlists/vendor/illuminate/cache/CacheManager.php(80): Illuminate\Cache\CacheManager->resolve('memcached')
#5 /home/diego/www/setlists/vendor/illuminate/cache/CacheManager.php(58): Illuminate\Cache\CacheManager->get('memcached')
#6 /home/diego/www/setlists/vendor/illuminate/cache/CacheManager.php(69): Illuminate\Cache\CacheManager->store('memcached')
#7 /home/diego/www/setlists/vendor/illuminate/cache/CacheServiceProvider.php(28): Illuminate\Cache\CacheManager->driver()
#8 /home/diego/www/setlists/vendor/illuminate/container/Container.php(764): Illuminate\Cache\CacheServiceProvider->Illuminate\Cache\{closure}(Object(Laravel\Lumen\Application), Array)
#9 /home/diego/www/setlists/vendor/illuminate/container/Container.php(646): Illuminate\Container\Container->build(Object(Closure))
#10 /home/diego/www/setlists/vendor/illuminate/container/Container.php(601): Illuminate\Container\Container->resolve('cache.store', Array)
#11 /home/diego/www/setlists/vendor/laravel/lumen-framework/src/Application.php(259): Illuminate\Container\Container->make('cache.store', Array)
#12 /home/diego/www/setlists/vendor/illuminate/container/Container.php(1210): Laravel\Lumen\Application->make('cache.store')
#13 /home/diego/www/setlists/vendor/laravel/lumen-framework/src/Console/Kernel.php(98): Illuminate\Container\Container->offsetGet('Illuminate\\Cont...')
#14 /home/diego/www/setlists/vendor/laravel/lumen-framework/src/Console/Kernel.php(61): Laravel\Lumen\Console\Kernel->defineConsoleSchedule()
#15 [internal function]: Laravel\Lumen\Console\Kernel->__construct(Object(Laravel\Lumen\Application))
#16 /home/diego/www/setlists/vendor/illuminate/container/Container.php(800): ReflectionClass->newInstanceArgs(Array)
#17 /home/diego/www/setlists/vendor/illuminate/container/Container.php(646): Illuminate\Container\Container->build('Setlist\\Infrast...')
#18 /home/diego/www/setlists/vendor/illuminate/container/Container.php(601): Illuminate\Container\Container->resolve('Setlist\\Infrast...', Array)
#19 /home/diego/www/setlists/vendor/laravel/lumen-framework/src/Application.php(259): Illuminate\Container\Container->make('Setlist\\Infrast...', Array)
#20 /home/diego/www/setlists/vendor/illuminate/container/Container.php(256): Laravel\Lumen\Application->make('Setlist\\Infrast...', Array)
#21 /home/diego/www/setlists/vendor/illuminate/container/Container.php(764): Illuminate\Container\Container->Illuminate\Container\{closure}(Object(Laravel\Lumen\Application), Array)
#22 /home/diego/www/setlists/vendor/illuminate/container/Container.php(646): Illuminate\Container\Container->build(Object(Closure))
#23 /home/diego/www/setlists/vendor/illuminate/container/Container.php(601): Illuminate\Container\Container->resolve('Illuminate\\Cont...', Array)
#24 /home/diego/www/setlists/vendor/laravel/lumen-framework/src/Application.php(259): Illuminate\Container\Container->make('Illuminate\\Cont...', Array)
#25 /home/diego/www/setlists/artisan(32): Laravel\Lumen\Application->make('Illuminate\\Cont...')
#26 {main} {"exception":"[object] (Symfony\\Component\\Debug\\Exception\\FatalThrowableError(code: 0): Class 'Memcached' not found at /home/diego/www/setlists/vendor/illuminate/cache/MemcachedConnector.php:69)
[stacktrace]
#0 /home/diego/www/setlists/vendor/illuminate/cache/MemcachedConnector.php(48): Illuminate\\Cache\\MemcachedConnector->createMemcachedInstance(NULL)
#1 /home/diego/www/setlists/vendor/illuminate/cache/MemcachedConnector.php(21): Illuminate\\Cache\\MemcachedConnector->getMemcached(NULL, Array, Array)
#2 /home/diego/www/setlists/vendor/illuminate/cache/CacheManager.php(171): Illuminate\\Cache\\MemcachedConnector->connect(Array, NULL, Array, Array)
#3 /home/diego/www/setlists/vendor/illuminate/cache/CacheManager.php(105): Illuminate\\Cache\\CacheManager->createMemcachedDriver(Array)
#4 /home/diego/www/setlists/vendor/illuminate/cache/CacheManager.php(80): Illuminate\\Cache\\CacheManager->resolve('memcached')
#5 /home/diego/www/setlists/vendor/illuminate/cache/CacheManager.php(58): Illuminate\\Cache\\CacheManager->get('memcached')
#6 /home/diego/www/setlists/vendor/illuminate/cache/CacheManager.php(69): Illuminate\\Cache\\CacheManager->store('memcached')
#7 /home/diego/www/setlists/vendor/illuminate/cache/CacheServiceProvider.php(28): Illuminate\\Cache\\CacheManager->driver()
#8 /home/diego/www/setlists/vendor/illuminate/container/Container.php(764): Illuminate\\Cache\\CacheServiceProvider->Illuminate\\Cache\\{closure}(Object(Laravel\\Lumen\\Application), Array)
#9 /home/diego/www/setlists/vendor/illuminate/container/Container.php(646): Illuminate\\Container\\Container->build(Object(Closure))
#10 /home/diego/www/setlists/vendor/illuminate/container/Container.php(601): Illuminate\\Container\\Container->resolve('cache.store', Array)
#11 /home/diego/www/setlists/vendor/laravel/lumen-framework/src/Application.php(259): Illuminate\\Container\\Container->make('cache.store', Array)
#12 /home/diego/www/setlists/vendor/illuminate/container/Container.php(1210): Laravel\\Lumen\\Application->make('cache.store')
#13 /home/diego/www/setlists/vendor/laravel/lumen-framework/src/Console/Kernel.php(98): Illuminate\\Container\\Container->offsetGet('Illuminate\\\\Cont...')
#14 /home/diego/www/setlists/vendor/laravel/lumen-framework/src/Console/Kernel.php(61): Laravel\\Lumen\\Console\\Kernel->defineConsoleSchedule()
#15 [internal function]: Laravel\\Lumen\\Console\\Kernel->__construct(Object(Laravel\\Lumen\\Application))
#16 /home/diego/www/setlists/vendor/illuminate/container/Container.php(800): ReflectionClass->newInstanceArgs(Array)
#17 /home/diego/www/setlists/vendor/illuminate/container/Container.php(646): Illuminate\\Container\\Container->build('Setlist\\\\Infrast...')
#18 /home/diego/www/setlists/vendor/illuminate/container/Container.php(601): Illuminate\\Container\\Container->resolve('Setlist\\\\Infrast...', Array)
#19 /home/diego/www/setlists/vendor/laravel/lumen-framework/src/Application.php(259): Illuminate\\Container\\Container->make('Setlist\\\\Infrast...', Array)
#20 /home/diego/www/setlists/vendor/illuminate/container/Container.php(256): Laravel\\Lumen\\Application->make('Setlist\\\\Infrast...', Array)
#21 /home/diego/www/setlists/vendor/illuminate/container/Container.php(764): Illuminate\\Container\\Container->Illuminate\\Container\\{closure}(Object(Laravel\\Lumen\\Application), Array)
#22 /home/diego/www/setlists/vendor/illuminate/container/Container.php(646): Illuminate\\Container\\Container->build(Object(Closure))
#23 /home/diego/www/setlists/vendor/illuminate/container/Container.php(601): Illuminate\\Container\\Container->resolve('Illuminate\\\\Cont...', Array)
#24 /home/diego/www/setlists/vendor/laravel/lumen-framework/src/Application.php(259): Illuminate\\Container\\Container->make('Illuminate\\\\Cont...', Array)
#25 /home/diego/www/setlists/artisan(32): Laravel\\Lumen\\Application->make('Illuminate\\\\Cont...')
#26 {main}
"} 
[2018-09-26 22:47:15] production.ERROR: Symfony\Component\Debug\Exception\FatalThrowableError: Class 'Memcached' not found in /home/diego/www/setlists/vendor/illuminate/cache/MemcachedConnector.php:69
Stack trace:
#0 /home/diego/www/setlists/vendor/illuminate/cache/MemcachedConnector.php(48): Illuminate\Cache\MemcachedConnector->createMemcachedInstance(NULL)
#1 /home/diego/www/setlists/vendor/illuminate/cache/MemcachedConnector.php(21): Illuminate\Cache\MemcachedConnector->getMemcached(NULL, Array, Array)
#2 /home/diego/www/setlists/vendor/illuminate/cache/CacheManager.php(171): Illuminate\Cache\MemcachedConnector->connect(Array, NULL, Array, Array)
#3 /home/diego/www/setlists/vendor/illuminate/cache/CacheManager.php(105): Illuminate\Cache\CacheManager->createMemcachedDriver(Array)
#4 /home/diego/www/setlists/vendor/illuminate/cache/CacheManager.php(80): Illuminate\Cache\CacheManager->resolve('memcached')
#5 /home/diego/www/setlists/vendor/illuminate/cache/CacheManager.php(58): Illuminate\Cache\CacheManager->get('memcached')
#6 /home/diego/www/setlists/vendor/illuminate/cache/CacheManager.php(69): Illuminate\Cache\CacheManager->store('memcached')
#7 /home/diego/www/setlists/vendor/illuminate/cache/CacheServiceProvider.php(28): Illuminate\Cache\CacheManager->driver()
#8 /home/diego/www/setlists/vendor/illuminate/container/Container.php(764): Illuminate\Cache\CacheServiceProvider->Illuminate\Cache\{closure}(Object(Laravel\Lumen\Application), Array)
#9 /home/diego/www/setlists/vendor/illuminate/container/Container.php(646): Illuminate\Container\Container->build(Object(Closure))
#10 /home/diego/www/setlists/vendor/illuminate/container/Container.php(601): Illuminate\Container\Container->resolve('cache.store', Array)
#11 /home/diego/www/setlists/vendor/laravel/lumen-framework/src/Application.php(259): Illuminate\Container\Container->make('cache.store', Array)
#12 /home/diego/www/setlists/vendor/illuminate/container/Container.php(1210): Laravel\Lumen\Application->make('cache.store')
#13 /home/diego/www/setlists/vendor/laravel/lumen-framework/src/Console/Kernel.php(98): Illuminate\Container\Container->offsetGet('Illuminate\\Cont...')
#14 /home/diego/www/setlists/vendor/laravel/lumen-framework/src/Console/Kernel.php(61): Laravel\Lumen\Console\Kernel->defineConsoleSchedule()
#15 [internal function]: Laravel\Lumen\Console\Kernel->__construct(Object(Laravel\Lumen\Application))
#16 /home/diego/www/setlists/vendor/illuminate/container/Container.php(800): ReflectionClass->newInstanceArgs(Array)
#17 /home/diego/www/setlists/vendor/illuminate/container/Container.php(646): Illuminate\Container\Container->build('Setlist\\Infrast...')
#18 /home/diego/www/setlists/vendor/illuminate/container/Container.php(601): Illuminate\Container\Container->resolve('Setlist\\Infrast...', Array)
#19 /home/diego/www/setlists/vendor/laravel/lumen-framework/src/Application.php(259): Illuminate\Container\Container->make('Setlist\\Infrast...', Array)
#20 /home/diego/www/setlists/vendor/illuminate/container/Container.php(256): Laravel\Lumen\Application->make('Setlist\\Infrast...', Array)
#21 /home/diego/www/setlists/vendor/illuminate/container/Container.php(764): Illuminate\Container\Container->Illuminate\Container\{closure}(Object(Laravel\Lumen\Application), Array)
#22 /home/diego/www/setlists/vendor/illuminate/container/Container.php(646): Illuminate\Container\Container->build(Object(Closure))
#23 /home/diego/www/setlists/vendor/illuminate/container/Container.php(601): Illuminate\Container\Container->resolve('Illuminate\\Cont...', Array)
#24 /home/diego/www/setlists/vendor/laravel/lumen-framework/src/Application.php(259): Illuminate\Container\Container->make('Illuminate\\Cont...', Array)
#25 /home/diego/www/setlists/artisan(32): Laravel\Lumen\Application->make('Illuminate\\Cont...')
#26 {main} {"exception":"[object] (Symfony\\Component\\Debug\\Exception\\FatalThrowableError(code: 0): Class 'Memcached' not found at /home/diego/www/setlists/vendor/illuminate/cache/MemcachedConnector.php:69)
[stacktrace]
#0 /home/diego/www/setlists/vendor/illuminate/cache/MemcachedConnector.php(48): Illuminate\\Cache\\MemcachedConnector->createMemcachedInstance(NULL)
#1 /home/diego/www/setlists/vendor/illuminate/cache/MemcachedConnector.php(21): Illuminate\\Cache\\MemcachedConnector->getMemcached(NULL, Array, Array)
#2 /home/diego/www/setlists/vendor/illuminate/cache/CacheManager.php(171): Illuminate\\Cache\\MemcachedConnector->connect(Array, NULL, Array, Array)
#3 /home/diego/www/setlists/vendor/illuminate/cache/CacheManager.php(105): Illuminate\\Cache\\CacheManager->createMemcachedDriver(Array)
#4 /home/diego/www/setlists/vendor/illuminate/cache/CacheManager.php(80): Illuminate\\Cache\\CacheManager->resolve('memcached')
#5 /home/diego/www/setlists/vendor/illuminate/cache/CacheManager.php(58): Illuminate\\Cache\\CacheManager->get('memcached')
#6 /home/diego/www/setlists/vendor/illuminate/cache/CacheManager.php(69): Illuminate\\Cache\\CacheManager->store('memcached')
#7 /home/diego/www/setlists/vendor/illuminate/cache/CacheServiceProvider.php(28): Illuminate\\Cache\\CacheManager->driver()
#8 /home/diego/www/setlists/vendor/illuminate/container/Container.php(764): Illuminate\\Cache\\CacheServiceProvider->Illuminate\\Cache\\{closure}(Object(Laravel\\Lumen\\Application), Array)
#9 /home/diego/www/setlists/vendor/illuminate/container/Container.php(646): Illuminate\\Container\\Container->build(Object(Closure))
#10 /home/diego/www/setlists/vendor/illuminate/container/Container.php(601): Illuminate\\Container\\Container->resolve('cache.store', Array)
#11 /home/diego/www/setlists/vendor/laravel/lumen-framework/src/Application.php(259): Illuminate\\Container\\Container->make('cache.store', Array)
#12 /home/diego/www/setlists/vendor/illuminate/container/Container.php(1210): Laravel\\Lumen\\Application->make('cache.store')
#13 /home/diego/www/setlists/vendor/laravel/lumen-framework/src/Console/Kernel.php(98): Illuminate\\Container\\Container->offsetGet('Illuminate\\\\Cont...')
#14 /home/diego/www/setlists/vendor/laravel/lumen-framework/src/Console/Kernel.php(61): Laravel\\Lumen\\Console\\Kernel->defineConsoleSchedule()
#15 [internal function]: Laravel\\Lumen\\Console\\Kernel->__construct(Object(Laravel\\Lumen\\Application))
#16 /home/diego/www/setlists/vendor/illuminate/container/Container.php(800): ReflectionClass->newInstanceArgs(Array)
#17 /home/diego/www/setlists/vendor/illuminate/container/Container.php(646): Illuminate\\Container\\Container->build('Setlist\\\\Infrast...')
#18 /home/diego/www/setlists/vendor/illuminate/container/Container.php(601): Illuminate\\Container\\Container->resolve('Setlist\\\\Infrast...', Array)
#19 /home/diego/www/setlists/vendor/laravel/lumen-framework/src/Application.php(259): Illuminate\\Container\\Container->make('Setlist\\\\Infrast...', Array)
#20 /home/diego/www/setlists/vendor/illuminate/container/Container.php(256): Laravel\\Lumen\\Application->make('Setlist\\\\Infrast...', Array)
#21 /home/diego/www/setlists/vendor/illuminate/container/Container.php(764): Illuminate\\Container\\Container->Illuminate\\Container\\{closure}(Object(Laravel\\Lumen\\Application), Array)
#22 /home/diego/www/setlists/vendor/illuminate/container/Container.php(646): Illuminate\\Container\\Container->build(Object(Closure))
#23 /home/diego/www/setlists/vendor/illuminate/container/Container.php(601): Illuminate\\Container\\Container->resolve('Illuminate\\\\Cont...', Array)
#24 /home/diego/www/setlists/vendor/laravel/lumen-framework/src/Application.php(259): Illuminate\\Container\\Container->make('Illuminate\\\\Cont...', Array)
#25 /home/diego/www/setlists/artisan(32): Laravel\\Lumen\\Application->make('Illuminate\\\\Cont...')
#26 {main}
"} 
[2018-09-26 20:48:29] production.ERROR: Symfony\Component\Debug\Exception\FatalThrowableError: Class 'Memcached' not found in /var/www/application/vendor/illuminate/cache/MemcachedConnector.php:69
Stack trace:
#0 /var/www/application/vendor/illuminate/cache/MemcachedConnector.php(48): Illuminate\Cache\MemcachedConnector->createMemcachedInstance(NULL)
#1 /var/www/application/vendor/illuminate/cache/MemcachedConnector.php(21): Illuminate\Cache\MemcachedConnector->getMemcached(NULL, Array, Array)
#2 /var/www/application/vendor/illuminate/cache/CacheManager.php(171): Illuminate\Cache\MemcachedConnector->connect(Array, NULL, Array, Array)
#3 /var/www/application/vendor/illuminate/cache/CacheManager.php(105): Illuminate\Cache\CacheManager->createMemcachedDriver(Array)
#4 /var/www/application/vendor/illuminate/cache/CacheManager.php(80): Illuminate\Cache\CacheManager->resolve('memcached')
#5 /var/www/application/vendor/illuminate/cache/CacheManager.php(58): Illuminate\Cache\CacheManager->get('memcached')
#6 /var/www/application/vendor/illuminate/cache/CacheManager.php(69): Illuminate\Cache\CacheManager->store('memcached')
#7 /var/www/application/vendor/illuminate/cache/CacheServiceProvider.php(28): Illuminate\Cache\CacheManager->driver()
#8 /var/www/application/vendor/illuminate/container/Container.php(764): Illuminate\Cache\CacheServiceProvider->Illuminate\Cache\{closure}(Object(Laravel\Lumen\Application), Array)
#9 /var/www/application/vendor/illuminate/container/Container.php(646): Illuminate\Container\Container->build(Object(Closure))
#10 /var/www/application/vendor/illuminate/container/Container.php(601): Illuminate\Container\Container->resolve('cache.store', Array)
#11 /var/www/application/vendor/laravel/lumen-framework/src/Application.php(259): Illuminate\Container\Container->make('cache.store', Array)
#12 /var/www/application/vendor/illuminate/container/Container.php(1210): Laravel\Lumen\Application->make('cache.store')
#13 /var/www/application/vendor/laravel/lumen-framework/src/Console/Kernel.php(98): Illuminate\Container\Container->offsetGet('Illuminate\\Cont...')
#14 /var/www/application/vendor/laravel/lumen-framework/src/Console/Kernel.php(61): Laravel\Lumen\Console\Kernel->defineConsoleSchedule()
#15 [internal function]: Laravel\Lumen\Console\Kernel->__construct(Object(Laravel\Lumen\Application))
#16 /var/www/application/vendor/illuminate/container/Container.php(800): ReflectionClass->newInstanceArgs(Array)
#17 /var/www/application/vendor/illuminate/container/Container.php(646): Illuminate\Container\Container->build('Setlist\\Infrast...')
#18 /var/www/application/vendor/illuminate/container/Container.php(601): Illuminate\Container\Container->resolve('Setlist\\Infrast...', Array)
#19 /var/www/application/vendor/laravel/lumen-framework/src/Application.php(259): Illuminate\Container\Container->make('Setlist\\Infrast...', Array)
#20 /var/www/application/vendor/illuminate/container/Container.php(256): Laravel\Lumen\Application->make('Setlist\\Infrast...', Array)
#21 /var/www/application/vendor/illuminate/container/Container.php(764): Illuminate\Container\Container->Illuminate\Container\{closure}(Object(Laravel\Lumen\Application), Array)
#22 /var/www/application/vendor/illuminate/container/Container.php(646): Illuminate\Container\Container->build(Object(Closure))
#23 /var/www/application/vendor/illuminate/container/Container.php(601): Illuminate\Container\Container->resolve('Illuminate\\Cont...', Array)
#24 /var/www/application/vendor/laravel/lumen-framework/src/Application.php(259): Illuminate\Container\Container->make('Illuminate\\Cont...', Array)
#25 /var/www/application/artisan(32): Laravel\Lumen\Application->make('Illuminate\\Cont...')
#26 {main} {"exception":"[object] (Symfony\\Component\\Debug\\Exception\\FatalThrowableError(code: 0): Class 'Memcached' not found at /var/www/application/vendor/illuminate/cache/MemcachedConnector.php:69)
[stacktrace]
#0 /var/www/application/vendor/illuminate/cache/MemcachedConnector.php(48): Illuminate\\Cache\\MemcachedConnector->createMemcachedInstance(NULL)
#1 /var/www/application/vendor/illuminate/cache/MemcachedConnector.php(21): Illuminate\\Cache\\MemcachedConnector->getMemcached(NULL, Array, Array)
#2 /var/www/application/vendor/illuminate/cache/CacheManager.php(171): Illuminate\\Cache\\MemcachedConnector->connect(Array, NULL, Array, Array)
#3 /var/www/application/vendor/illuminate/cache/CacheManager.php(105): Illuminate\\Cache\\CacheManager->createMemcachedDriver(Array)
#4 /var/www/application/vendor/illuminate/cache/CacheManager.php(80): Illuminate\\Cache\\CacheManager->resolve('memcached')
#5 /var/www/application/vendor/illuminate/cache/CacheManager.php(58): Illuminate\\Cache\\CacheManager->get('memcached')
#6 /var/www/application/vendor/illuminate/cache/CacheManager.php(69): Illuminate\\Cache\\CacheManager->store('memcached')
#7 /var/www/application/vendor/illuminate/cache/CacheServiceProvider.php(28): Illuminate\\Cache\\CacheManager->driver()
#8 /var/www/application/vendor/illuminate/container/Container.php(764): Illuminate\\Cache\\CacheServiceProvider->Illuminate\\Cache\\{closure}(Object(Laravel\\Lumen\\Application), Array)
#9 /var/www/application/vendor/illuminate/container/Container.php(646): Illuminate\\Container\\Container->build(Object(Closure))
#10 /var/www/application/vendor/illuminate/container/Container.php(601): Illuminate\\Container\\Container->resolve('cache.store', Array)
#11 /var/www/application/vendor/laravel/lumen-framework/src/Application.php(259): Illuminate\\Container\\Container->make('cache.store', Array)
#12 /var/www/application/vendor/illuminate/container/Container.php(1210): Laravel\\Lumen\\Application->make('cache.store')
#13 /var/www/application/vendor/laravel/lumen-framework/src/Console/Kernel.php(98): Illuminate\\Container\\Container->offsetGet('Illuminate\\\\Cont...')
#14 /var/www/application/vendor/laravel/lumen-framework/src/Console/Kernel.php(61): Laravel\\Lumen\\Console\\Kernel->defineConsoleSchedule()
#15 [internal function]: Laravel\\Lumen\\Console\\Kernel->__construct(Object(Laravel\\Lumen\\Application))
#16 /var/www/application/vendor/illuminate/container/Container.php(800): ReflectionClass->newInstanceArgs(Array)
#17 /var/www/application/vendor/illuminate/container/Container.php(646): Illuminate\\Container\\Container->build('Setlist\\\\Infrast...')
#18 /var/www/application/vendor/illuminate/container/Container.php(601): Illuminate\\Container\\Container->resolve('Setlist\\\\Infrast...', Array)
#19 /var/www/application/vendor/laravel/lumen-framework/src/Application.php(259): Illuminate\\Container\\Container->make('Setlist\\\\Infrast...', Array)
#20 /var/www/application/vendor/illuminate/container/Container.php(256): Laravel\\Lumen\\Application->make('Setlist\\\\Infrast...', Array)
#21 /var/www/application/vendor/illuminate/container/Container.php(764): Illuminate\\Container\\Container->Illuminate\\Container\\{closure}(Object(Laravel\\Lumen\\Application), Array)
#22 /var/www/application/vendor/illuminate/container/Container.php(646): Illuminate\\Container\\Container->build(Object(Closure))
#23 /var/www/application/vendor/illuminate/container/Container.php(601): Illuminate\\Container\\Container->resolve('Illuminate\\\\Cont...', Array)
#24 /var/www/application/vendor/laravel/lumen-framework/src/Application.php(259): Illuminate\\Container\\Container->make('Illuminate\\\\Cont...', Array)
#25 /var/www/application/artisan(32): Laravel\\Lumen\\Application->make('Illuminate\\\\Cont...')
#26 {main}
"} 
[2018-09-26 22:50:59] production.ERROR: Symfony\Component\Debug\Exception\FatalThrowableError: Class 'Memcached' not found in /home/diego/www/setlists/vendor/illuminate/cache/MemcachedConnector.php:69
Stack trace:
#0 /home/diego/www/setlists/vendor/illuminate/cache/MemcachedConnector.php(48): Illuminate\Cache\MemcachedConnector->createMemcachedInstance(NULL)
#1 /home/diego/www/setlists/vendor/illuminate/cache/MemcachedConnector.php(21): Illuminate\Cache\MemcachedConnector->getMemcached(NULL, Array, Array)
#2 /home/diego/www/setlists/vendor/illuminate/cache/CacheManager.php(171): Illuminate\Cache\MemcachedConnector->connect(Array, NULL, Array, Array)
#3 /home/diego/www/setlists/vendor/illuminate/cache/CacheManager.php(105): Illuminate\Cache\CacheManager->createMemcachedDriver(Array)
#4 /home/diego/www/setlists/vendor/illuminate/cache/CacheManager.php(80): Illuminate\Cache\CacheManager->resolve('memcached')
#5 /home/diego/www/setlists/vendor/illuminate/cache/CacheManager.php(58): Illuminate\Cache\CacheManager->get('memcached')
#6 /home/diego/www/setlists/vendor/illuminate/cache/CacheManager.php(69): Illuminate\Cache\CacheManager->store('memcached')
#7 /home/diego/www/setlists/vendor/illuminate/cache/CacheServiceProvider.php(28): Illuminate\Cache\CacheManager->driver()
#8 /home/diego/www/setlists/vendor/illuminate/container/Container.php(764): Illuminate\Cache\CacheServiceProvider->Illuminate\Cache\{closure}(Object(Laravel\Lumen\Application), Array)
#9 /home/diego/www/setlists/vendor/illuminate/container/Container.php(646): Illuminate\Container\Container->build(Object(Closure))
#10 /home/diego/www/setlists/vendor/illuminate/container/Container.php(601): Illuminate\Container\Container->resolve('cache.store', Array)
#11 /home/diego/www/setlists/vendor/laravel/lumen-framework/src/Application.php(259): Illuminate\Container\Container->make('cache.store', Array)
#12 /home/diego/www/setlists/vendor/illuminate/container/Container.php(1210): Laravel\Lumen\Application->make('cache.store')
#13 /home/diego/www/setlists/vendor/laravel/lumen-framework/src/Console/Kernel.php(98): Illuminate\Container\Container->offsetGet('Illuminate\\Cont...')
#14 /home/diego/www/setlists/vendor/laravel/lumen-framework/src/Console/Kernel.php(61): Laravel\Lumen\Console\Kernel->defineConsoleSchedule()
#15 [internal function]: Laravel\Lumen\Console\Kernel->__construct(Object(Laravel\Lumen\Application))
#16 /home/diego/www/setlists/vendor/illuminate/container/Container.php(800): ReflectionClass->newInstanceArgs(Array)
#17 /home/diego/www/setlists/vendor/illuminate/container/Container.php(646): Illuminate\Container\Container->build('Setlist\\Infrast...')
#18 /home/diego/www/setlists/vendor/illuminate/container/Container.php(601): Illuminate\Container\Container->resolve('Setlist\\Infrast...', Array)
#19 /home/diego/www/setlists/vendor/laravel/lumen-framework/src/Application.php(259): Illuminate\Container\Container->make('Setlist\\Infrast...', Array)
#20 /home/diego/www/setlists/vendor/illuminate/container/Container.php(256): Laravel\Lumen\Application->make('Setlist\\Infrast...', Array)
#21 /home/diego/www/setlists/vendor/illuminate/container/Container.php(764): Illuminate\Container\Container->Illuminate\Container\{closure}(Object(Laravel\Lumen\Application), Array)
#22 /home/diego/www/setlists/vendor/illuminate/container/Container.php(646): Illuminate\Container\Container->build(Object(Closure))
#23 /home/diego/www/setlists/vendor/illuminate/container/Container.php(601): Illuminate\Container\Container->resolve('Illuminate\\Cont...', Array)
#24 /home/diego/www/setlists/vendor/laravel/lumen-framework/src/Application.php(259): Illuminate\Container\Container->make('Illuminate\\Cont...', Array)
#25 /home/diego/www/setlists/artisan(32): Laravel\Lumen\Application->make('Illuminate\\Cont...')
#26 {main} {"exception":"[object] (Symfony\\Component\\Debug\\Exception\\FatalThrowableError(code: 0): Class 'Memcached' not found at /home/diego/www/setlists/vendor/illuminate/cache/MemcachedConnector.php:69)
[stacktrace]
#0 /home/diego/www/setlists/vendor/illuminate/cache/MemcachedConnector.php(48): Illuminate\\Cache\\MemcachedConnector->createMemcachedInstance(NULL)
#1 /home/diego/www/setlists/vendor/illuminate/cache/MemcachedConnector.php(21): Illuminate\\Cache\\MemcachedConnector->getMemcached(NULL, Array, Array)
#2 /home/diego/www/setlists/vendor/illuminate/cache/CacheManager.php(171): Illuminate\\Cache\\MemcachedConnector->connect(Array, NULL, Array, Array)
#3 /home/diego/www/setlists/vendor/illuminate/cache/CacheManager.php(105): Illuminate\\Cache\\CacheManager->createMemcachedDriver(Array)
#4 /home/diego/www/setlists/vendor/illuminate/cache/CacheManager.php(80): Illuminate\\Cache\\CacheManager->resolve('memcached')
#5 /home/diego/www/setlists/vendor/illuminate/cache/CacheManager.php(58): Illuminate\\Cache\\CacheManager->get('memcached')
#6 /home/diego/www/setlists/vendor/illuminate/cache/CacheManager.php(69): Illuminate\\Cache\\CacheManager->store('memcached')
#7 /home/diego/www/setlists/vendor/illuminate/cache/CacheServiceProvider.php(28): Illuminate\\Cache\\CacheManager->driver()
#8 /home/diego/www/setlists/vendor/illuminate/container/Container.php(764): Illuminate\\Cache\\CacheServiceProvider->Illuminate\\Cache\\{closure}(Object(Laravel\\Lumen\\Application), Array)
#9 /home/diego/www/setlists/vendor/illuminate/container/Container.php(646): Illuminate\\Container\\Container->build(Object(Closure))
#10 /home/diego/www/setlists/vendor/illuminate/container/Container.php(601): Illuminate\\Container\\Container->resolve('cache.store', Array)
#11 /home/diego/www/setlists/vendor/laravel/lumen-framework/src/Application.php(259): Illuminate\\Container\\Container->make('cache.store', Array)
#12 /home/diego/www/setlists/vendor/illuminate/container/Container.php(1210): Laravel\\Lumen\\Application->make('cache.store')
#13 /home/diego/www/setlists/vendor/laravel/lumen-framework/src/Console/Kernel.php(98): Illuminate\\Container\\Container->offsetGet('Illuminate\\\\Cont...')
#14 /home/diego/www/setlists/vendor/laravel/lumen-framework/src/Console/Kernel.php(61): Laravel\\Lumen\\Console\\Kernel->defineConsoleSchedule()
#15 [internal function]: Laravel\\Lumen\\Console\\Kernel->__construct(Object(Laravel\\Lumen\\Application))
#16 /home/diego/www/setlists/vendor/illuminate/container/Container.php(800): ReflectionClass->newInstanceArgs(Array)
#17 /home/diego/www/setlists/vendor/illuminate/container/Container.php(646): Illuminate\\Container\\Container->build('Setlist\\\\Infrast...')
#18 /home/diego/www/setlists/vendor/illuminate/container/Container.php(601): Illuminate\\Container\\Container->resolve('Setlist\\\\Infrast...', Array)
#19 /home/diego/www/setlists/vendor/laravel/lumen-framework/src/Application.php(259): Illuminate\\Container\\Container->make('Setlist\\\\Infrast...', Array)
#20 /home/diego/www/setlists/vendor/illuminate/container/Container.php(256): Laravel\\Lumen\\Application->make('Setlist\\\\Infrast...', Array)
#21 /home/diego/www/setlists/vendor/illuminate/container/Container.php(764): Illuminate\\Container\\Container->Illuminate\\Container\\{closure}(Object(Laravel\\Lumen\\Application), Array)
#22 /home/diego/www/setlists/vendor/illuminate/container/Container.php(646): Illuminate\\Container\\Container->build(Object(Closure))
#23 /home/diego/www/setlists/vendor/illuminate/container/Container.php(601): Illuminate\\Container\\Container->resolve('Illuminate\\\\Cont...', Array)
#24 /home/diego/www/setlists/vendor/laravel/lumen-framework/src/Application.php(259): Illuminate\\Container\\Container->make('Illuminate\\\\Cont...', Array)
#25 /home/diego/www/setlists/artisan(32): Laravel\\Lumen\\Application->make('Illuminate\\\\Cont...')
#26 {main}
"} 
[2018-09-26 22:52:25] production.ERROR: Symfony\Component\Debug\Exception\FatalThrowableError: Class 'Memcached' not found in /home/diego/www/setlists/vendor/illuminate/cache/MemcachedConnector.php:69
Stack trace:
#0 /home/diego/www/setlists/vendor/illuminate/cache/MemcachedConnector.php(48): Illuminate\Cache\MemcachedConnector->createMemcachedInstance(NULL)
#1 /home/diego/www/setlists/vendor/illuminate/cache/MemcachedConnector.php(21): Illuminate\Cache\MemcachedConnector->getMemcached(NULL, Array, Array)
#2 /home/diego/www/setlists/vendor/illuminate/cache/CacheManager.php(171): Illuminate\Cache\MemcachedConnector->connect(Array, NULL, Array, Array)
#3 /home/diego/www/setlists/vendor/illuminate/cache/CacheManager.php(105): Illuminate\Cache\CacheManager->createMemcachedDriver(Array)
#4 /home/diego/www/setlists/vendor/illuminate/cache/CacheManager.php(80): Illuminate\Cache\CacheManager->resolve('memcached')
#5 /home/diego/www/setlists/vendor/illuminate/cache/CacheManager.php(58): Illuminate\Cache\CacheManager->get('memcached')
#6 /home/diego/www/setlists/vendor/illuminate/cache/CacheManager.php(69): Illuminate\Cache\CacheManager->store('memcached')
#7 /home/diego/www/setlists/vendor/illuminate/cache/CacheServiceProvider.php(28): Illuminate\Cache\CacheManager->driver()
#8 /home/diego/www/setlists/vendor/illuminate/container/Container.php(764): Illuminate\Cache\CacheServiceProvider->Illuminate\Cache\{closure}(Object(Laravel\Lumen\Application), Array)
#9 /home/diego/www/setlists/vendor/illuminate/container/Container.php(646): Illuminate\Container\Container->build(Object(Closure))
#10 /home/diego/www/setlists/vendor/illuminate/container/Container.php(601): Illuminate\Container\Container->resolve('cache.store', Array)
#11 /home/diego/www/setlists/vendor/laravel/lumen-framework/src/Application.php(259): Illuminate\Container\Container->make('cache.store', Array)
#12 /home/diego/www/setlists/vendor/illuminate/container/Container.php(1210): Laravel\Lumen\Application->make('cache.store')
#13 /home/diego/www/setlists/vendor/laravel/lumen-framework/src/Console/Kernel.php(98): Illuminate\Container\Container->offsetGet('Illuminate\\Cont...')
#14 /home/diego/www/setlists/vendor/laravel/lumen-framework/src/Console/Kernel.php(61): Laravel\Lumen\Console\Kernel->defineConsoleSchedule()
#15 [internal function]: Laravel\Lumen\Console\Kernel->__construct(Object(Laravel\Lumen\Application))
#16 /home/diego/www/setlists/vendor/illuminate/container/Container.php(800): ReflectionClass->newInstanceArgs(Array)
#17 /home/diego/www/setlists/vendor/illuminate/container/Container.php(646): Illuminate\Container\Container->build('Setlist\\Infrast...')
#18 /home/diego/www/setlists/vendor/illuminate/container/Container.php(601): Illuminate\Container\Container->resolve('Setlist\\Infrast...', Array)
#19 /home/diego/www/setlists/vendor/laravel/lumen-framework/src/Application.php(259): Illuminate\Container\Container->make('Setlist\\Infrast...', Array)
#20 /home/diego/www/setlists/vendor/illuminate/container/Container.php(256): Laravel\Lumen\Application->make('Setlist\\Infrast...', Array)
#21 /home/diego/www/setlists/vendor/illuminate/container/Container.php(764): Illuminate\Container\Container->Illuminate\Container\{closure}(Object(Laravel\Lumen\Application), Array)
#22 /home/diego/www/setlists/vendor/illuminate/container/Container.php(646): Illuminate\Container\Container->build(Object(Closure))
#23 /home/diego/www/setlists/vendor/illuminate/container/Container.php(601): Illuminate\Container\Container->resolve('Illuminate\\Cont...', Array)
#24 /home/diego/www/setlists/vendor/laravel/lumen-framework/src/Application.php(259): Illuminate\Container\Container->make('Illuminate\\Cont...', Array)
#25 /home/diego/www/setlists/artisan(32): Laravel\Lumen\Application->make('Illuminate\\Cont...')
#26 {main} {"exception":"[object] (Symfony\\Component\\Debug\\Exception\\FatalThrowableError(code: 0): Class 'Memcached' not found at /home/diego/www/setlists/vendor/illuminate/cache/MemcachedConnector.php:69)
[stacktrace]
#0 /home/diego/www/setlists/vendor/illuminate/cache/MemcachedConnector.php(48): Illuminate\\Cache\\MemcachedConnector->createMemcachedInstance(NULL)
#1 /home/diego/www/setlists/vendor/illuminate/cache/MemcachedConnector.php(21): Illuminate\\Cache\\MemcachedConnector->getMemcached(NULL, Array, Array)
#2 /home/diego/www/setlists/vendor/illuminate/cache/CacheManager.php(171): Illuminate\\Cache\\MemcachedConnector->connect(Array, NULL, Array, Array)
#3 /home/diego/www/setlists/vendor/illuminate/cache/CacheManager.php(105): Illuminate\\Cache\\CacheManager->createMemcachedDriver(Array)
#4 /home/diego/www/setlists/vendor/illuminate/cache/CacheManager.php(80): Illuminate\\Cache\\CacheManager->resolve('memcached')
#5 /home/diego/www/setlists/vendor/illuminate/cache/CacheManager.php(58): Illuminate\\Cache\\CacheManager->get('memcached')
#6 /home/diego/www/setlists/vendor/illuminate/cache/CacheManager.php(69): Illuminate\\Cache\\CacheManager->store('memcached')
#7 /home/diego/www/setlists/vendor/illuminate/cache/CacheServiceProvider.php(28): Illuminate\\Cache\\CacheManager->driver()
#8 /home/diego/www/setlists/vendor/illuminate/container/Container.php(764): Illuminate\\Cache\\CacheServiceProvider->Illuminate\\Cache\\{closure}(Object(Laravel\\Lumen\\Application), Array)
#9 /home/diego/www/setlists/vendor/illuminate/container/Container.php(646): Illuminate\\Container\\Container->build(Object(Closure))
#10 /home/diego/www/setlists/vendor/illuminate/container/Container.php(601): Illuminate\\Container\\Container->resolve('cache.store', Array)
#11 /home/diego/www/setlists/vendor/laravel/lumen-framework/src/Application.php(259): Illuminate\\Container\\Container->make('cache.store', Array)
#12 /home/diego/www/setlists/vendor/illuminate/container/Container.php(1210): Laravel\\Lumen\\Application->make('cache.store')
#13 /home/diego/www/setlists/vendor/laravel/lumen-framework/src/Console/Kernel.php(98): Illuminate\\Container\\Container->offsetGet('Illuminate\\\\Cont...')
#14 /home/diego/www/setlists/vendor/laravel/lumen-framework/src/Console/Kernel.php(61): Laravel\\Lumen\\Console\\Kernel->defineConsoleSchedule()
#15 [internal function]: Laravel\\Lumen\\Console\\Kernel->__construct(Object(Laravel\\Lumen\\Application))
#16 /home/diego/www/setlists/vendor/illuminate/container/Container.php(800): ReflectionClass->newInstanceArgs(Array)
#17 /home/diego/www/setlists/vendor/illuminate/container/Container.php(646): Illuminate\\Container\\Container->build('Setlist\\\\Infrast...')
#18 /home/diego/www/setlists/vendor/illuminate/container/Container.php(601): Illuminate\\Container\\Container->resolve('Setlist\\\\Infrast...', Array)
#19 /home/diego/www/setlists/vendor/laravel/lumen-framework/src/Application.php(259): Illuminate\\Container\\Container->make('Setlist\\\\Infrast...', Array)
#20 /home/diego/www/setlists/vendor/illuminate/container/Container.php(256): Laravel\\Lumen\\Application->make('Setlist\\\\Infrast...', Array)
#21 /home/diego/www/setlists/vendor/illuminate/container/Container.php(764): Illuminate\\Container\\Container->Illuminate\\Container\\{closure}(Object(Laravel\\Lumen\\Application), Array)
#22 /home/diego/www/setlists/vendor/illuminate/container/Container.php(646): Illuminate\\Container\\Container->build(Object(Closure))
#23 /home/diego/www/setlists/vendor/illuminate/container/Container.php(601): Illuminate\\Container\\Container->resolve('Illuminate\\\\Cont...', Array)
#24 /home/diego/www/setlists/vendor/laravel/lumen-framework/src/Application.php(259): Illuminate\\Container\\Container->make('Illuminate\\\\Cont...', Array)
#25 /home/diego/www/setlists/artisan(32): Laravel\\Lumen\\Application->make('Illuminate\\\\Cont...')
#26 {main}
"} 
[2018-09-26 20:52:35] production.ERROR: Symfony\Component\Debug\Exception\FatalThrowableError: Class 'Memcached' not found in /var/www/application/vendor/illuminate/cache/MemcachedConnector.php:69
Stack trace:
#0 /var/www/application/vendor/illuminate/cache/MemcachedConnector.php(48): Illuminate\Cache\MemcachedConnector->createMemcachedInstance(NULL)
#1 /var/www/application/vendor/illuminate/cache/MemcachedConnector.php(21): Illuminate\Cache\MemcachedConnector->getMemcached(NULL, Array, Array)
#2 /var/www/application/vendor/illuminate/cache/CacheManager.php(171): Illuminate\Cache\MemcachedConnector->connect(Array, NULL, Array, Array)
#3 /var/www/application/vendor/illuminate/cache/CacheManager.php(105): Illuminate\Cache\CacheManager->createMemcachedDriver(Array)
#4 /var/www/application/vendor/illuminate/cache/CacheManager.php(80): Illuminate\Cache\CacheManager->resolve('memcached')
#5 /var/www/application/vendor/illuminate/cache/CacheManager.php(58): Illuminate\Cache\CacheManager->get('memcached')
#6 /var/www/application/vendor/illuminate/cache/CacheManager.php(69): Illuminate\Cache\CacheManager->store('memcached')
#7 /var/www/application/vendor/illuminate/cache/CacheServiceProvider.php(28): Illuminate\Cache\CacheManager->driver()
#8 /var/www/application/vendor/illuminate/container/Container.php(764): Illuminate\Cache\CacheServiceProvider->Illuminate\Cache\{closure}(Object(Laravel\Lumen\Application), Array)
#9 /var/www/application/vendor/illuminate/container/Container.php(646): Illuminate\Container\Container->build(Object(Closure))
#10 /var/www/application/vendor/illuminate/container/Container.php(601): Illuminate\Container\Container->resolve('cache.store', Array)
#11 /var/www/application/vendor/laravel/lumen-framework/src/Application.php(259): Illuminate\Container\Container->make('cache.store', Array)
#12 /var/www/application/vendor/illuminate/container/Container.php(1210): Laravel\Lumen\Application->make('cache.store')
#13 /var/www/application/vendor/laravel/lumen-framework/src/Console/Kernel.php(98): Illuminate\Container\Container->offsetGet('Illuminate\\Cont...')
#14 /var/www/application/vendor/laravel/lumen-framework/src/Console/Kernel.php(61): Laravel\Lumen\Console\Kernel->defineConsoleSchedule()
#15 [internal function]: Laravel\Lumen\Console\Kernel->__construct(Object(Laravel\Lumen\Application))
#16 /var/www/application/vendor/illuminate/container/Container.php(800): ReflectionClass->newInstanceArgs(Array)
#17 /var/www/application/vendor/illuminate/container/Container.php(646): Illuminate\Container\Container->build('Setlist\\Infrast...')
#18 /var/www/application/vendor/illuminate/container/Container.php(601): Illuminate\Container\Container->resolve('Setlist\\Infrast...', Array)
#19 /var/www/application/vendor/laravel/lumen-framework/src/Application.php(259): Illuminate\Container\Container->make('Setlist\\Infrast...', Array)
#20 /var/www/application/vendor/illuminate/container/Container.php(256): Laravel\Lumen\Application->make('Setlist\\Infrast...', Array)
#21 /var/www/application/vendor/illuminate/container/Container.php(764): Illuminate\Container\Container->Illuminate\Container\{closure}(Object(Laravel\Lumen\Application), Array)
#22 /var/www/application/vendor/illuminate/container/Container.php(646): Illuminate\Container\Container->build(Object(Closure))
#23 /var/www/application/vendor/illuminate/container/Container.php(601): Illuminate\Container\Container->resolve('Illuminate\\Cont...', Array)
#24 /var/www/application/vendor/laravel/lumen-framework/src/Application.php(259): Illuminate\Container\Container->make('Illuminate\\Cont...', Array)
#25 /var/www/application/artisan(32): Laravel\Lumen\Application->make('Illuminate\\Cont...')
#26 {main} {"exception":"[object] (Symfony\\Component\\Debug\\Exception\\FatalThrowableError(code: 0): Class 'Memcached' not found at /var/www/application/vendor/illuminate/cache/MemcachedConnector.php:69)
[stacktrace]
#0 /var/www/application/vendor/illuminate/cache/MemcachedConnector.php(48): Illuminate\\Cache\\MemcachedConnector->createMemcachedInstance(NULL)
#1 /var/www/application/vendor/illuminate/cache/MemcachedConnector.php(21): Illuminate\\Cache\\MemcachedConnector->getMemcached(NULL, Array, Array)
#2 /var/www/application/vendor/illuminate/cache/CacheManager.php(171): Illuminate\\Cache\\MemcachedConnector->connect(Array, NULL, Array, Array)
#3 /var/www/application/vendor/illuminate/cache/CacheManager.php(105): Illuminate\\Cache\\CacheManager->createMemcachedDriver(Array)
#4 /var/www/application/vendor/illuminate/cache/CacheManager.php(80): Illuminate\\Cache\\CacheManager->resolve('memcached')
#5 /var/www/application/vendor/illuminate/cache/CacheManager.php(58): Illuminate\\Cache\\CacheManager->get('memcached')
#6 /var/www/application/vendor/illuminate/cache/CacheManager.php(69): Illuminate\\Cache\\CacheManager->store('memcached')
#7 /var/www/application/vendor/illuminate/cache/CacheServiceProvider.php(28): Illuminate\\Cache\\CacheManager->driver()
#8 /var/www/application/vendor/illuminate/container/Container.php(764): Illuminate\\Cache\\CacheServiceProvider->Illuminate\\Cache\\{closure}(Object(Laravel\\Lumen\\Application), Array)
#9 /var/www/application/vendor/illuminate/container/Container.php(646): Illuminate\\Container\\Container->build(Object(Closure))
#10 /var/www/application/vendor/illuminate/container/Container.php(601): Illuminate\\Container\\Container->resolve('cache.store', Array)
#11 /var/www/application/vendor/laravel/lumen-framework/src/Application.php(259): Illuminate\\Container\\Container->make('cache.store', Array)
#12 /var/www/application/vendor/illuminate/container/Container.php(1210): Laravel\\Lumen\\Application->make('cache.store')
#13 /var/www/application/vendor/laravel/lumen-framework/src/Console/Kernel.php(98): Illuminate\\Container\\Container->offsetGet('Illuminate\\\\Cont...')
#14 /var/www/application/vendor/laravel/lumen-framework/src/Console/Kernel.php(61): Laravel\\Lumen\\Console\\Kernel->defineConsoleSchedule()
#15 [internal function]: Laravel\\Lumen\\Console\\Kernel->__construct(Object(Laravel\\Lumen\\Application))
#16 /var/www/application/vendor/illuminate/container/Container.php(800): ReflectionClass->newInstanceArgs(Array)
#17 /var/www/application/vendor/illuminate/container/Container.php(646): Illuminate\\Container\\Container->build('Setlist\\\\Infrast...')
#18 /var/www/application/vendor/illuminate/container/Container.php(601): Illuminate\\Container\\Container->resolve('Setlist\\\\Infrast...', Array)
#19 /var/www/application/vendor/laravel/lumen-framework/src/Application.php(259): Illuminate\\Container\\Container->make('Setlist\\\\Infrast...', Array)
#20 /var/www/application/vendor/illuminate/container/Container.php(256): Laravel\\Lumen\\Application->make('Setlist\\\\Infrast...', Array)
#21 /var/www/application/vendor/illuminate/container/Container.php(764): Illuminate\\Container\\Container->Illuminate\\Container\\{closure}(Object(Laravel\\Lumen\\Application), Array)
#22 /var/www/application/vendor/illuminate/container/Container.php(646): Illuminate\\Container\\Container->build(Object(Closure))
#23 /var/www/application/vendor/illuminate/container/Container.php(601): Illuminate\\Container\\Container->resolve('Illuminate\\\\Cont...', Array)
#24 /var/www/application/vendor/laravel/lumen-framework/src/Application.php(259): Illuminate\\Container\\Container->make('Illuminate\\\\Cont...', Array)
#25 /var/www/application/artisan(32): Laravel\\Lumen\\Application->make('Illuminate\\\\Cont...')
#26 {main}
"} 
[2018-09-26 20:58:41] production.ERROR: ErrorException: file_put_contents(/var/www/application/src/Setlist/Infrastructure/Lumen/database/migrations/2018_09_26_205841_acac.php): failed to open stream: No such file or directory in /var/www/application/vendor/illuminate/filesystem/Filesystem.php:122
Stack trace:
#0 [internal function]: Laravel\Lumen\Application->Laravel\Lumen\Concerns\{closure}(2, 'file_put_conten...', '/var/www/applic...', 122, Array)
#1 /var/www/application/vendor/illuminate/filesystem/Filesystem.php(122): file_put_contents('/var/www/applic...', '<?php\n\nuse Illu...', 0)
#2 /var/www/application/vendor/illuminate/database/Migrations/MigrationCreator.php(59): Illuminate\Filesystem\Filesystem->put('/var/www/applic...', '<?php\n\nuse Illu...')
#3 /var/www/application/vendor/illuminate/database/Console/Migrations/MigrateMakeCommand.php(109): Illuminate\Database\Migrations\MigrationCreator->create('acac', '/var/www/applic...', NULL, NULL)
#4 /var/www/application/vendor/illuminate/database/Console/Migrations/MigrateMakeCommand.php(93): Illuminate\Database\Console\Migrations\MigrateMakeCommand->writeMigration('acac', NULL, NULL)
#5 [internal function]: Illuminate\Database\Console\Migrations\MigrateMakeCommand->handle()
#6 /var/www/application/vendor/illuminate/container/BoundMethod.php(29): call_user_func_array(Array, Array)
#7 /var/www/application/vendor/illuminate/container/BoundMethod.php(87): Illuminate\Container\BoundMethod::Illuminate\Container\{closure}()
#8 /var/www/application/vendor/illuminate/container/BoundMethod.php(31): Illuminate\Container\BoundMethod::callBoundMethod(Object(Laravel\Lumen\Application), Array, Object(Closure))
#9 /var/www/application/vendor/illuminate/container/Container.php(564): Illuminate\Container\BoundMethod::call(Object(Laravel\Lumen\Application), Array, Array, NULL)
#10 /var/www/application/vendor/illuminate/console/Command.php(183): Illuminate\Container\Container->call(Array)
#11 /var/www/application/vendor/symfony/console/Command/Command.php(251): Illuminate\Console\Command->execute(Object(Symfony\Component\Console\Input\ArgvInput), Object(Illuminate\Console\OutputStyle))
#12 /var/www/application/vendor/illuminate/console/Command.php(170): Symfony\Component\Console\Command\Command->run(Object(Symfony\Component\Console\Input\ArgvInput), Object(Illuminate\Console\OutputStyle))
#13 /var/www/application/vendor/symfony/console/Application.php(886): Illuminate\Console\Command->run(Object(Symfony\Component\Console\Input\ArgvInput), Object(Symfony\Component\Console\Output\ConsoleOutput))
#14 /var/www/application/vendor/symfony/console/Application.php(262): Symfony\Component\Console\Application->doRunCommand(Object(Illuminate\Database\Console\Migrations\MigrateMakeCommand), Object(Symfony\Component\Console\Input\ArgvInput), Object(Symfony\Component\Console\Output\ConsoleOutput))
#15 /var/www/application/vendor/symfony/console/Application.php(145): Symfony\Component\Console\Application->doRun(Object(Symfony\Component\Console\Input\ArgvInput), Object(Symfony\Component\Console\Output\ConsoleOutput))
#16 /var/www/application/vendor/illuminate/console/Application.php(89): Symfony\Component\Console\Application->run(Object(Symfony\Component\Console\Input\ArgvInput), Object(Symfony\Component\Console\Output\ConsoleOutput))
#17 /var/www/application/vendor/laravel/lumen-framework/src/Console/Kernel.php(116): Illuminate\Console\Application->run(Object(Symfony\Component\Console\Input\ArgvInput), Object(Symfony\Component\Console\Output\ConsoleOutput))
#18 /var/www/application/artisan(35): Laravel\Lumen\Console\Kernel->handle(Object(Symfony\Component\Console\Input\ArgvInput), Object(Symfony\Component\Console\Output\ConsoleOutput))
#19 {main} {"exception":"[object] (ErrorException(code: 0): file_put_contents(/var/www/application/src/Setlist/Infrastructure/Lumen/database/migrations/2018_09_26_205841_acac.php): failed to open stream: No such file or directory at /var/www/application/vendor/illuminate/filesystem/Filesystem.php:122)
[stacktrace]
#0 [internal function]: Laravel\\Lumen\\Application->Laravel\\Lumen\\Concerns\\{closure}(2, 'file_put_conten...', '/var/www/applic...', 122, Array)
#1 /var/www/application/vendor/illuminate/filesystem/Filesystem.php(122): file_put_contents('/var/www/applic...', '<?php\
\
use Illu...', 0)
#2 /var/www/application/vendor/illuminate/database/Migrations/MigrationCreator.php(59): Illuminate\\Filesystem\\Filesystem->put('/var/www/applic...', '<?php\
\
use Illu...')
#3 /var/www/application/vendor/illuminate/database/Console/Migrations/MigrateMakeCommand.php(109): Illuminate\\Database\\Migrations\\MigrationCreator->create('acac', '/var/www/applic...', NULL, NULL)
#4 /var/www/application/vendor/illuminate/database/Console/Migrations/MigrateMakeCommand.php(93): Illuminate\\Database\\Console\\Migrations\\MigrateMakeCommand->writeMigration('acac', NULL, NULL)
#5 [internal function]: Illuminate\\Database\\Console\\Migrations\\MigrateMakeCommand->handle()
#6 /var/www/application/vendor/illuminate/container/BoundMethod.php(29): call_user_func_array(Array, Array)
#7 /var/www/application/vendor/illuminate/container/BoundMethod.php(87): Illuminate\\Container\\BoundMethod::Illuminate\\Container\\{closure}()
#8 /var/www/application/vendor/illuminate/container/BoundMethod.php(31): Illuminate\\Container\\BoundMethod::callBoundMethod(Object(Laravel\\Lumen\\Application), Array, Object(Closure))
#9 /var/www/application/vendor/illuminate/container/Container.php(564): Illuminate\\Container\\BoundMethod::call(Object(Laravel\\Lumen\\Application), Array, Array, NULL)
#10 /var/www/application/vendor/illuminate/console/Command.php(183): Illuminate\\Container\\Container->call(Array)
#11 /var/www/application/vendor/symfony/console/Command/Command.php(251): Illuminate\\Console\\Command->execute(Object(Symfony\\Component\\Console\\Input\\ArgvInput), Object(Illuminate\\Console\\OutputStyle))
#12 /var/www/application/vendor/illuminate/console/Command.php(170): Symfony\\Component\\Console\\Command\\Command->run(Object(Symfony\\Component\\Console\\Input\\ArgvInput), Object(Illuminate\\Console\\OutputStyle))
#13 /var/www/application/vendor/symfony/console/Application.php(886): Illuminate\\Console\\Command->run(Object(Symfony\\Component\\Console\\Input\\ArgvInput), Object(Symfony\\Component\\Console\\Output\\ConsoleOutput))
#14 /var/www/application/vendor/symfony/console/Application.php(262): Symfony\\Component\\Console\\Application->doRunCommand(Object(Illuminate\\Database\\Console\\Migrations\\MigrateMakeCommand), Object(Symfony\\Component\\Console\\Input\\ArgvInput), Object(Symfony\\Component\\Console\\Output\\ConsoleOutput))
#15 /var/www/application/vendor/symfony/console/Application.php(145): Symfony\\Component\\Console\\Application->doRun(Object(Symfony\\Component\\Console\\Input\\ArgvInput), Object(Symfony\\Component\\Console\\Output\\ConsoleOutput))
#16 /var/www/application/vendor/illuminate/console/Application.php(89): Symfony\\Component\\Console\\Application->run(Object(Symfony\\Component\\Console\\Input\\ArgvInput), Object(Symfony\\Component\\Console\\Output\\ConsoleOutput))
#17 /var/www/application/vendor/laravel/lumen-framework/src/Console/Kernel.php(116): Illuminate\\Console\\Application->run(Object(Symfony\\Component\\Console\\Input\\ArgvInput), Object(Symfony\\Component\\Console\\Output\\ConsoleOutput))
#18 /var/www/application/artisan(35): Laravel\\Lumen\\Console\\Kernel->handle(Object(Symfony\\Component\\Console\\Input\\ArgvInput), Object(Symfony\\Component\\Console\\Output\\ConsoleOutput))
#19 {main}
"} 
[2018-09-26 21:01:37] production.ERROR: PDOException: PDO::__construct(): php_network_getaddresses: getaddrinfo failed: Temporary failure in name resolution in /var/www/application/vendor/illuminate/database/Connectors/Connector.php:68
Stack trace:
#0 /var/www/application/vendor/illuminate/database/Connectors/Connector.php(68): PDO->__construct('mysql:host=data...', 'forge', '', Array)
#1 /var/www/application/vendor/illuminate/database/Connectors/Connector.php(44): Illuminate\Database\Connectors\Connector->createPdoConnection('mysql:host=data...', 'forge', '', Array)
#2 /var/www/application/vendor/illuminate/database/Connectors/MySqlConnector.php(24): Illuminate\Database\Connectors\Connector->createConnection('mysql:host=data...', Array, Array)
#3 /var/www/application/vendor/illuminate/database/Connectors/ConnectionFactory.php(182): Illuminate\Database\Connectors\MySqlConnector->connect(Array)
#4 [internal function]: Illuminate\Database\Connectors\ConnectionFactory->Illuminate\Database\Connectors\{closure}()
#5 /var/www/application/vendor/illuminate/database/Connection.php(916): call_user_func(Object(Closure))
#6 /var/www/application/vendor/illuminate/database/Connection.php(941): Illuminate\Database\Connection->getPdo()
#7 /var/www/application/vendor/illuminate/database/Connection.php(399): Illuminate\Database\Connection->getReadPdo()
#8 /var/www/application/vendor/illuminate/database/Connection.php(325): Illuminate\Database\Connection->getPdoForSelect(true)
#9 /var/www/application/vendor/illuminate/database/Connection.php(657): Illuminate\Database\Connection->Illuminate\Database\{closure}('SHOW FULL TABLE...', Array)
#10 /var/www/application/vendor/illuminate/database/Connection.php(624): Illuminate\Database\Connection->runQueryCallback('SHOW FULL TABLE...', Array, Object(Closure))
#11 /var/www/application/vendor/illuminate/database/Connection.php(333): Illuminate\Database\Connection->run('SHOW FULL TABLE...', Array, Object(Closure))
#12 /var/www/application/vendor/illuminate/database/Schema/MySqlBuilder.php(99): Illuminate\Database\Connection->select('SHOW FULL TABLE...')
#13 /var/www/application/vendor/illuminate/database/Schema/MySqlBuilder.php(48): Illuminate\Database\Schema\MySqlBuilder->getAllTables()
#14 /var/www/application/vendor/illuminate/database/Console/Migrations/FreshCommand.php(72): Illuminate\Database\Schema\MySqlBuilder->dropAllTables()
#15 /var/www/application/vendor/illuminate/database/Console/Migrations/FreshCommand.php(46): Illuminate\Database\Console\Migrations\FreshCommand->dropAllTables(NULL)
#16 [internal function]: Illuminate\Database\Console\Migrations\FreshCommand->handle()
#17 /var/www/application/vendor/illuminate/container/BoundMethod.php(29): call_user_func_array(Array, Array)
#18 /var/www/application/vendor/illuminate/container/BoundMethod.php(87): Illuminate\Container\BoundMethod::Illuminate\Container\{closure}()
#19 /var/www/application/vendor/illuminate/container/BoundMethod.php(31): Illuminate\Container\BoundMethod::callBoundMethod(Object(Laravel\Lumen\Application), Array, Object(Closure))
#20 /var/www/application/vendor/illuminate/container/Container.php(564): Illuminate\Container\BoundMethod::call(Object(Laravel\Lumen\Application), Array, Array, NULL)
#21 /var/www/application/vendor/illuminate/console/Command.php(183): Illuminate\Container\Container->call(Array)
#22 /var/www/application/vendor/symfony/console/Command/Command.php(251): Illuminate\Console\Command->execute(Object(Symfony\Component\Console\Input\ArgvInput), Object(Illuminate\Console\OutputStyle))
#23 /var/www/application/vendor/illuminate/console/Command.php(170): Symfony\Component\Console\Command\Command->run(Object(Symfony\Component\Console\Input\ArgvInput), Object(Illuminate\Console\OutputStyle))
#24 /var/www/application/vendor/symfony/console/Application.php(886): Illuminate\Console\Command->run(Object(Symfony\Component\Console\Input\ArgvInput), Object(Symfony\Component\Console\Output\ConsoleOutput))
#25 /var/www/application/vendor/symfony/console/Application.php(262): Symfony\Component\Console\Application->doRunCommand(Object(Illuminate\Database\Console\Migrations\FreshCommand), Object(Symfony\Component\Console\Input\ArgvInput), Object(Symfony\Component\Console\Output\ConsoleOutput))
#26 /var/www/application/vendor/symfony/console/Application.php(145): Symfony\Component\Console\Application->doRun(Object(Symfony\Component\Console\Input\ArgvInput), Object(Symfony\Component\Console\Output\ConsoleOutput))
#27 /var/www/application/vendor/illuminate/console/Application.php(89): Symfony\Component\Console\Application->run(Object(Symfony\Component\Console\Input\ArgvInput), Object(Symfony\Component\Console\Output\ConsoleOutput))
#28 /var/www/application/vendor/laravel/lumen-framework/src/Console/Kernel.php(116): Illuminate\Console\Application->run(Object(Symfony\Component\Console\Input\ArgvInput), Object(Symfony\Component\Console\Output\ConsoleOutput))
#29 /var/www/application/artisan(35): Laravel\Lumen\Console\Kernel->handle(Object(Symfony\Component\Console\Input\ArgvInput), Object(Symfony\Component\Console\Output\ConsoleOutput))
#30 {main}

Next PDOException: SQLSTATE[HY000] [2002] php_network_getaddresses: getaddrinfo failed: Temporary failure in name resolution in /var/www/application/vendor/illuminate/database/Connectors/Connector.php:68
Stack trace:
#0 /var/www/application/vendor/illuminate/database/Connectors/Connector.php(68): PDO->__construct('mysql:host=data...', 'forge', '', Array)
#1 /var/www/application/vendor/illuminate/database/Connectors/Connector.php(44): Illuminate\Database\Connectors\Connector->createPdoConnection('mysql:host=data...', 'forge', '', Array)
#2 /var/www/application/vendor/illuminate/database/Connectors/MySqlConnector.php(24): Illuminate\Database\Connectors\Connector->createConnection('mysql:host=data...', Array, Array)
#3 /var/www/application/vendor/illuminate/database/Connectors/ConnectionFactory.php(182): Illuminate\Database\Connectors\MySqlConnector->connect(Array)
#4 [internal function]: Illuminate\Database\Connectors\ConnectionFactory->Illuminate\Database\Connectors\{closure}()
#5 /var/www/application/vendor/illuminate/database/Connection.php(916): call_user_func(Object(Closure))
#6 /var/www/application/vendor/illuminate/database/Connection.php(941): Illuminate\Database\Connection->getPdo()
#7 /var/www/application/vendor/illuminate/database/Connection.php(399): Illuminate\Database\Connection->getReadPdo()
#8 /var/www/application/vendor/illuminate/database/Connection.php(325): Illuminate\Database\Connection->getPdoForSelect(true)
#9 /var/www/application/vendor/illuminate/database/Connection.php(657): Illuminate\Database\Connection->Illuminate\Database\{closure}('SHOW FULL TABLE...', Array)
#10 /var/www/application/vendor/illuminate/database/Connection.php(624): Illuminate\Database\Connection->runQueryCallback('SHOW FULL TABLE...', Array, Object(Closure))
#11 /var/www/application/vendor/illuminate/database/Connection.php(333): Illuminate\Database\Connection->run('SHOW FULL TABLE...', Array, Object(Closure))
#12 /var/www/application/vendor/illuminate/database/Schema/MySqlBuilder.php(99): Illuminate\Database\Connection->select('SHOW FULL TABLE...')
#13 /var/www/application/vendor/illuminate/database/Schema/MySqlBuilder.php(48): Illuminate\Database\Schema\MySqlBuilder->getAllTables()
#14 /var/www/application/vendor/illuminate/database/Console/Migrations/FreshCommand.php(72): Illuminate\Database\Schema\MySqlBuilder->dropAllTables()
#15 /var/www/application/vendor/illuminate/database/Console/Migrations/FreshCommand.php(46): Illuminate\Database\Console\Migrations\FreshCommand->dropAllTables(NULL)
#16 [internal function]: Illuminate\Database\Console\Migrations\FreshCommand->handle()
#17 /var/www/application/vendor/illuminate/container/BoundMethod.php(29): call_user_func_array(Array, Array)
#18 /var/www/application/vendor/illuminate/container/BoundMethod.php(87): Illuminate\Container\BoundMethod::Illuminate\Container\{closure}()
#19 /var/www/application/vendor/illuminate/container/BoundMethod.php(31): Illuminate\Container\BoundMethod::callBoundMethod(Object(Laravel\Lumen\Application), Array, Object(Closure))
#20 /var/www/application/vendor/illuminate/container/Container.php(564): Illuminate\Container\BoundMethod::call(Object(Laravel\Lumen\Application), Array, Array, NULL)
#21 /var/www/application/vendor/illuminate/console/Command.php(183): Illuminate\Container\Container->call(Array)
#22 /var/www/application/vendor/symfony/console/Command/Command.php(251): Illuminate\Console\Command->execute(Object(Symfony\Component\Console\Input\ArgvInput), Object(Illuminate\Console\OutputStyle))
#23 /var/www/application/vendor/illuminate/console/Command.php(170): Symfony\Component\Console\Command\Command->run(Object(Symfony\Component\Console\Input\ArgvInput), Object(Illuminate\Console\OutputStyle))
#24 /var/www/application/vendor/symfony/console/Application.php(886): Illuminate\Console\Command->run(Object(Symfony\Component\Console\Input\ArgvInput), Object(Symfony\Component\Console\Output\ConsoleOutput))
#25 /var/www/application/vendor/symfony/console/Application.php(262): Symfony\Component\Console\Application->doRunCommand(Object(Illuminate\Database\Console\Migrations\FreshCommand), Object(Symfony\Component\Console\Input\ArgvInput), Object(Symfony\Component\Console\Output\ConsoleOutput))
#26 /var/www/application/vendor/symfony/console/Application.php(145): Symfony\Component\Console\Application->doRun(Object(Symfony\Component\Console\Input\ArgvInput), Object(Symfony\Component\Console\Output\ConsoleOutput))
#27 /var/www/application/vendor/illuminate/console/Application.php(89): Symfony\Component\Console\Application->run(Object(Symfony\Component\Console\Input\ArgvInput), Object(Symfony\Component\Console\Output\ConsoleOutput))
#28 /var/www/application/vendor/laravel/lumen-framework/src/Console/Kernel.php(116): Illuminate\Console\Application->run(Object(Symfony\Component\Console\Input\ArgvInput), Object(Symfony\Component\Console\Output\ConsoleOutput))
#29 /var/www/application/artisan(35): Laravel\Lumen\Console\Kernel->handle(Object(Symfony\Component\Console\Input\ArgvInput), Object(Symfony\Component\Console\Output\ConsoleOutput))
#30 {main}

Next Illuminate\Database\QueryException: SQLSTATE[HY000] [2002] php_network_getaddresses: getaddrinfo failed: Temporary failure in name resolution (SQL: SHOW FULL TABLES WHERE table_type = 'BASE TABLE') in /var/www/application/vendor/illuminate/database/Connection.php:664
Stack trace:
#0 /var/www/application/vendor/illuminate/database/Connection.php(624): Illuminate\Database\Connection->runQueryCallback('SHOW FULL TABLE...', Array, Object(Closure))
#1 /var/www/application/vendor/illuminate/database/Connection.php(333): Illuminate\Database\Connection->run('SHOW FULL TABLE...', Array, Object(Closure))
#2 /var/www/application/vendor/illuminate/database/Schema/MySqlBuilder.php(99): Illuminate\Database\Connection->select('SHOW FULL TABLE...')
#3 /var/www/application/vendor/illuminate/database/Schema/MySqlBuilder.php(48): Illuminate\Database\Schema\MySqlBuilder->getAllTables()
#4 /var/www/application/vendor/illuminate/database/Console/Migrations/FreshCommand.php(72): Illuminate\Database\Schema\MySqlBuilder->dropAllTables()
#5 /var/www/application/vendor/illuminate/database/Console/Migrations/FreshCommand.php(46): Illuminate\Database\Console\Migrations\FreshCommand->dropAllTables(NULL)
#6 [internal function]: Illuminate\Database\Console\Migrations\FreshCommand->handle()
#7 /var/www/application/vendor/illuminate/container/BoundMethod.php(29): call_user_func_array(Array, Array)
#8 /var/www/application/vendor/illuminate/container/BoundMethod.php(87): Illuminate\Container\BoundMethod::Illuminate\Container\{closure}()
#9 /var/www/application/vendor/illuminate/container/BoundMethod.php(31): Illuminate\Container\BoundMethod::callBoundMethod(Object(Laravel\Lumen\Application), Array, Object(Closure))
#10 /var/www/application/vendor/illuminate/container/Container.php(564): Illuminate\Container\BoundMethod::call(Object(Laravel\Lumen\Application), Array, Array, NULL)
#11 /var/www/application/vendor/illuminate/console/Command.php(183): Illuminate\Container\Container->call(Array)
#12 /var/www/application/vendor/symfony/console/Command/Command.php(251): Illuminate\Console\Command->execute(Object(Symfony\Component\Console\Input\ArgvInput), Object(Illuminate\Console\OutputStyle))
#13 /var/www/application/vendor/illuminate/console/Command.php(170): Symfony\Component\Console\Command\Command->run(Object(Symfony\Component\Console\Input\ArgvInput), Object(Illuminate\Console\OutputStyle))
#14 /var/www/application/vendor/symfony/console/Application.php(886): Illuminate\Console\Command->run(Object(Symfony\Component\Console\Input\ArgvInput), Object(Symfony\Component\Console\Output\ConsoleOutput))
#15 /var/www/application/vendor/symfony/console/Application.php(262): Symfony\Component\Console\Application->doRunCommand(Object(Illuminate\Database\Console\Migrations\FreshCommand), Object(Symfony\Component\Console\Input\ArgvInput), Object(Symfony\Component\Console\Output\ConsoleOutput))
#16 /var/www/application/vendor/symfony/console/Application.php(145): Symfony\Component\Console\Application->doRun(Object(Symfony\Component\Console\Input\ArgvInput), Object(Symfony\Component\Console\Output\ConsoleOutput))
#17 /var/www/application/vendor/illuminate/console/Application.php(89): Symfony\Component\Console\Application->run(Object(Symfony\Component\Console\Input\ArgvInput), Object(Symfony\Component\Console\Output\ConsoleOutput))
#18 /var/www/application/vendor/laravel/lumen-framework/src/Console/Kernel.php(116): Illuminate\Console\Application->run(Object(Symfony\Component\Console\Input\ArgvInput), Object(Symfony\Component\Console\Output\ConsoleOutput))
#19 /var/www/application/artisan(35): Laravel\Lumen\Console\Kernel->handle(Object(Symfony\Component\Console\Input\ArgvInput), Object(Symfony\Component\Console\Output\ConsoleOutput))
#20 {main} {"exception":"[object] (Illuminate\\Database\\QueryException(code: 2002): SQLSTATE[HY000] [2002] php_network_getaddresses: getaddrinfo failed: Temporary failure in name resolution (SQL: SHOW FULL TABLES WHERE table_type = 'BASE TABLE') at /var/www/application/vendor/illuminate/database/Connection.php:664, PDOException(code: 2002): SQLSTATE[HY000] [2002] php_network_getaddresses: getaddrinfo failed: Temporary failure in name resolution at /var/www/application/vendor/illuminate/database/Connectors/Connector.php:68, PDOException(code: 0): PDO::__construct(): php_network_getaddresses: getaddrinfo failed: Temporary failure in name resolution at /var/www/application/vendor/illuminate/database/Connectors/Connector.php:68)
[stacktrace]
#0 /var/www/application/vendor/illuminate/database/Connection.php(624): Illuminate\\Database\\Connection->runQueryCallback('SHOW FULL TABLE...', Array, Object(Closure))
#1 /var/www/application/vendor/illuminate/database/Connection.php(333): Illuminate\\Database\\Connection->run('SHOW FULL TABLE...', Array, Object(Closure))
#2 /var/www/application/vendor/illuminate/database/Schema/MySqlBuilder.php(99): Illuminate\\Database\\Connection->select('SHOW FULL TABLE...')
#3 /var/www/application/vendor/illuminate/database/Schema/MySqlBuilder.php(48): Illuminate\\Database\\Schema\\MySqlBuilder->getAllTables()
#4 /var/www/application/vendor/illuminate/database/Console/Migrations/FreshCommand.php(72): Illuminate\\Database\\Schema\\MySqlBuilder->dropAllTables()
#5 /var/www/application/vendor/illuminate/database/Console/Migrations/FreshCommand.php(46): Illuminate\\Database\\Console\\Migrations\\FreshCommand->dropAllTables(NULL)
#6 [internal function]: Illuminate\\Database\\Console\\Migrations\\FreshCommand->handle()
#7 /var/www/application/vendor/illuminate/container/BoundMethod.php(29): call_user_func_array(Array, Array)
#8 /var/www/application/vendor/illuminate/container/BoundMethod.php(87): Illuminate\\Container\\BoundMethod::Illuminate\\Container\\{closure}()
#9 /var/www/application/vendor/illuminate/container/BoundMethod.php(31): Illuminate\\Container\\BoundMethod::callBoundMethod(Object(Laravel\\Lumen\\Application), Array, Object(Closure))
#10 /var/www/application/vendor/illuminate/container/Container.php(564): Illuminate\\Container\\BoundMethod::call(Object(Laravel\\Lumen\\Application), Array, Array, NULL)
#11 /var/www/application/vendor/illuminate/console/Command.php(183): Illuminate\\Container\\Container->call(Array)
#12 /var/www/application/vendor/symfony/console/Command/Command.php(251): Illuminate\\Console\\Command->execute(Object(Symfony\\Component\\Console\\Input\\ArgvInput), Object(Illuminate\\Console\\OutputStyle))
#13 /var/www/application/vendor/illuminate/console/Command.php(170): Symfony\\Component\\Console\\Command\\Command->run(Object(Symfony\\Component\\Console\\Input\\ArgvInput), Object(Illuminate\\Console\\OutputStyle))
#14 /var/www/application/vendor/symfony/console/Application.php(886): Illuminate\\Console\\Command->run(Object(Symfony\\Component\\Console\\Input\\ArgvInput), Object(Symfony\\Component\\Console\\Output\\ConsoleOutput))
#15 /var/www/application/vendor/symfony/console/Application.php(262): Symfony\\Component\\Console\\Application->doRunCommand(Object(Illuminate\\Database\\Console\\Migrations\\FreshCommand), Object(Symfony\\Component\\Console\\Input\\ArgvInput), Object(Symfony\\Component\\Console\\Output\\ConsoleOutput))
#16 /var/www/application/vendor/symfony/console/Application.php(145): Symfony\\Component\\Console\\Application->doRun(Object(Symfony\\Component\\Console\\Input\\ArgvInput), Object(Symfony\\Component\\Console\\Output\\ConsoleOutput))
#17 /var/www/application/vendor/illuminate/console/Application.php(89): Symfony\\Component\\Console\\Application->run(Object(Symfony\\Component\\Console\\Input\\ArgvInput), Object(Symfony\\Component\\Console\\Output\\ConsoleOutput))
#18 /var/www/application/vendor/laravel/lumen-framework/src/Console/Kernel.php(116): Illuminate\\Console\\Application->run(Object(Symfony\\Component\\Console\\Input\\ArgvInput), Object(Symfony\\Component\\Console\\Output\\ConsoleOutput))
#19 /var/www/application/artisan(35): Laravel\\Lumen\\Console\\Kernel->handle(Object(Symfony\\Component\\Console\\Input\\ArgvInput), Object(Symfony\\Component\\Console\\Output\\ConsoleOutput))
#20 {main}
"} 
[2018-09-26 21:20:29] testing.ERROR: ErrorException: Undefined variable: factory in /opt/project/src/Setlist/Infrastructure/Lumen/database/factories/ModelFactory.php:14
Stack trace:
#0 /opt/project/src/Setlist/Infrastructure/Lumen/database/factories/ModelFactory.php(14): Laravel\Lumen\Application->Laravel\Lumen\Concerns\{closure}(8, 'Undefined varia...', '/opt/project/sr...', 14, Array)
#1 /opt/project/vendor/phpunit/php-code-coverage/src/CodeCoverage.php(948): include_once('/opt/project/sr...')
#2 /opt/project/vendor/phpunit/php-code-coverage/src/CodeCoverage.php(243): SebastianBergmann\CodeCoverage\CodeCoverage->initializeData()
#3 /opt/project/vendor/phpunit/phpunit/src/Framework/TestResult.php(625): SebastianBergmann\CodeCoverage\CodeCoverage->start(Object(Tests\Unit\Setlist\Application\Command\CreateSongTest))
#4 /opt/project/vendor/phpunit/phpunit/src/Framework/TestCase.php(798): PHPUnit\Framework\TestResult->run(Object(Tests\Unit\Setlist\Application\Command\CreateSongTest))
#5 /opt/project/vendor/phpunit/phpunit/src/Framework/TestSuite.php(750): PHPUnit\Framework\TestCase->run(Object(PHPUnit\Framework\TestResult))
#6 /opt/project/vendor/phpunit/phpunit/src/Framework/TestSuite.php(750): PHPUnit\Framework\TestSuite->run(Object(PHPUnit\Framework\TestResult))
#7 /opt/project/vendor/phpunit/phpunit/src/TextUI/TestRunner.php(586): PHPUnit\Framework\TestSuite->run(Object(PHPUnit\Framework\TestResult))
#8 /opt/project/vendor/phpunit/phpunit/src/TextUI/Command.php(203): PHPUnit\TextUI\TestRunner->doRun(Object(PHPUnit\Framework\TestSuite), Array, true)
#9 /opt/project/vendor/phpunit/phpunit/src/TextUI/Command.php(159): PHPUnit\TextUI\Command->run(Array, true)
#10 /opt/project/vendor/phpunit/phpunit/phpunit(53): PHPUnit\TextUI\Command::main()
#11 {main} {"exception":"[object] (ErrorException(code: 0): Undefined variable: factory at /opt/project/src/Setlist/Infrastructure/Lumen/database/factories/ModelFactory.php:14)
[stacktrace]
#0 /opt/project/src/Setlist/Infrastructure/Lumen/database/factories/ModelFactory.php(14): Laravel\\Lumen\\Application->Laravel\\Lumen\\Concerns\\{closure}(8, 'Undefined varia...', '/opt/project/sr...', 14, Array)
#1 /opt/project/vendor/phpunit/php-code-coverage/src/CodeCoverage.php(948): include_once('/opt/project/sr...')
#2 /opt/project/vendor/phpunit/php-code-coverage/src/CodeCoverage.php(243): SebastianBergmann\\CodeCoverage\\CodeCoverage->initializeData()
#3 /opt/project/vendor/phpunit/phpunit/src/Framework/TestResult.php(625): SebastianBergmann\\CodeCoverage\\CodeCoverage->start(Object(Tests\\Unit\\Setlist\\Application\\Command\\CreateSongTest))
#4 /opt/project/vendor/phpunit/phpunit/src/Framework/TestCase.php(798): PHPUnit\\Framework\\TestResult->run(Object(Tests\\Unit\\Setlist\\Application\\Command\\CreateSongTest))
#5 /opt/project/vendor/phpunit/phpunit/src/Framework/TestSuite.php(750): PHPUnit\\Framework\\TestCase->run(Object(PHPUnit\\Framework\\TestResult))
#6 /opt/project/vendor/phpunit/phpunit/src/Framework/TestSuite.php(750): PHPUnit\\Framework\\TestSuite->run(Object(PHPUnit\\Framework\\TestResult))
#7 /opt/project/vendor/phpunit/phpunit/src/TextUI/TestRunner.php(586): PHPUnit\\Framework\\TestSuite->run(Object(PHPUnit\\Framework\\TestResult))
#8 /opt/project/vendor/phpunit/phpunit/src/TextUI/Command.php(203): PHPUnit\\TextUI\\TestRunner->doRun(Object(PHPUnit\\Framework\\TestSuite), Array, true)
#9 /opt/project/vendor/phpunit/phpunit/src/TextUI/Command.php(159): PHPUnit\\TextUI\\Command->run(Array, true)
#10 /opt/project/vendor/phpunit/phpunit/phpunit(53): PHPUnit\\TextUI\\Command::main()
#11 {main}
"} 
[2018-09-26 21:21:37] testing.ERROR: ErrorException: Undefined variable: factory in /opt/project/src/Setlist/Infrastructure/Lumen/database/factories/ModelFactory.php:14
Stack trace:
#0 /opt/project/src/Setlist/Infrastructure/Lumen/database/factories/ModelFactory.php(14): Laravel\Lumen\Application->Laravel\Lumen\Concerns\{closure}(8, 'Undefined varia...', '/opt/project/sr...', 14, Array)
#1 /opt/project/vendor/phpunit/php-code-coverage/src/CodeCoverage.php(948): include_once('/opt/project/sr...')
#2 /opt/project/vendor/phpunit/php-code-coverage/src/CodeCoverage.php(243): SebastianBergmann\CodeCoverage\CodeCoverage->initializeData()
#3 /opt/project/vendor/phpunit/phpunit/src/Framework/TestResult.php(625): SebastianBergmann\CodeCoverage\CodeCoverage->start(Object(Tests\Unit\Setlist\Application\Command\CreateSongTest))
#4 /opt/project/vendor/phpunit/phpunit/src/Framework/TestCase.php(798): PHPUnit\Framework\TestResult->run(Object(Tests\Unit\Setlist\Application\Command\CreateSongTest))
#5 /opt/project/vendor/phpunit/phpunit/src/Framework/TestSuite.php(750): PHPUnit\Framework\TestCase->run(Object(PHPUnit\Framework\TestResult))
#6 /opt/project/vendor/phpunit/phpunit/src/Framework/TestSuite.php(750): PHPUnit\Framework\TestSuite->run(Object(PHPUnit\Framework\TestResult))
#7 /opt/project/vendor/phpunit/phpunit/src/TextUI/TestRunner.php(586): PHPUnit\Framework\TestSuite->run(Object(PHPUnit\Framework\TestResult))
#8 /opt/project/vendor/phpunit/phpunit/src/TextUI/Command.php(203): PHPUnit\TextUI\TestRunner->doRun(Object(PHPUnit\Framework\TestSuite), Array, true)
#9 /opt/project/vendor/phpunit/phpunit/src/TextUI/Command.php(159): PHPUnit\TextUI\Command->run(Array, true)
#10 /opt/project/vendor/phpunit/phpunit/phpunit(53): PHPUnit\TextUI\Command::main()
#11 {main} {"exception":"[object] (ErrorException(code: 0): Undefined variable: factory at /opt/project/src/Setlist/Infrastructure/Lumen/database/factories/ModelFactory.php:14)
[stacktrace]
#0 /opt/project/src/Setlist/Infrastructure/Lumen/database/factories/ModelFactory.php(14): Laravel\\Lumen\\Application->Laravel\\Lumen\\Concerns\\{closure}(8, 'Undefined varia...', '/opt/project/sr...', 14, Array)
#1 /opt/project/vendor/phpunit/php-code-coverage/src/CodeCoverage.php(948): include_once('/opt/project/sr...')
#2 /opt/project/vendor/phpunit/php-code-coverage/src/CodeCoverage.php(243): SebastianBergmann\\CodeCoverage\\CodeCoverage->initializeData()
#3 /opt/project/vendor/phpunit/phpunit/src/Framework/TestResult.php(625): SebastianBergmann\\CodeCoverage\\CodeCoverage->start(Object(Tests\\Unit\\Setlist\\Application\\Command\\CreateSongTest))
#4 /opt/project/vendor/phpunit/phpunit/src/Framework/TestCase.php(798): PHPUnit\\Framework\\TestResult->run(Object(Tests\\Unit\\Setlist\\Application\\Command\\CreateSongTest))
#5 /opt/project/vendor/phpunit/phpunit/src/Framework/TestSuite.php(750): PHPUnit\\Framework\\TestCase->run(Object(PHPUnit\\Framework\\TestResult))
#6 /opt/project/vendor/phpunit/phpunit/src/Framework/TestSuite.php(750): PHPUnit\\Framework\\TestSuite->run(Object(PHPUnit\\Framework\\TestResult))
#7 /opt/project/vendor/phpunit/phpunit/src/TextUI/TestRunner.php(586): PHPUnit\\Framework\\TestSuite->run(Object(PHPUnit\\Framework\\TestResult))
#8 /opt/project/vendor/phpunit/phpunit/src/TextUI/Command.php(203): PHPUnit\\TextUI\\TestRunner->doRun(Object(PHPUnit\\Framework\\TestSuite), Array, true)
#9 /opt/project/vendor/phpunit/phpunit/src/TextUI/Command.php(159): PHPUnit\\TextUI\\Command->run(Array, true)
#10 /opt/project/vendor/phpunit/phpunit/phpunit(53): PHPUnit\\TextUI\\Command::main()
#11 {main}
"} 
